<?xml version="1.0" encoding="UTF-8"?>
<!-- Generated by org.testng.reporters.JUnitReportReporter -->
<testsuite skipped="0" hostname="LAPTOP-IIKUET1Q" name="com.selenium.basic.TestNG.GroupsDemo" tests="9" failures="0" timestamp="2020-07-25T13:57:39 EDT" time="0.009" errors="0">
  <testcase name="X1" time="0.001" classname="com.selenium.basic.TestNG.GroupsDemo"/>
  <system-out/>
  <testcase name="X6" time="0.001" classname="com.selenium.basic.TestNG.GroupsDemo"/>
  <system-out/>
  <testcase name="swift" time="0.001" classname="com.selenium.basic.TestNG.GroupsDemo"/>
  <system-out/>
  <testcase name="Q2" time="0.001" classname="com.selenium.basic.TestNG.GroupsDemo"/>
  <system-out/>
  <testcase name="xuv300" time="0.001" classname="com.selenium.basic.TestNG.GroupsDemo"/>
  <system-out/>
  <testcase name="Q1" time="0.001" classname="com.selenium.basic.TestNG.GroupsDemo"/>
  <system-out/>
  <testcase name="ertiga" time="0.001" classname="com.selenium.basic.TestNG.GroupsDemo"/>
  <system-out/>
  <testcase name="xuv500" time="0.001" classname="com.selenium.basic.TestNG.GroupsDemo"/>
  <system-out/>
  <testcase name="Q6" time="0.001" classname="com.selenium.basic.TestNG.GroupsDemo"/>
  <system-out/>
</testsuite> <!-- com.selenium.basic.TestNG.GroupsDemo -->
