<?xml version="1.0" encoding="UTF-8"?>
<!-- Generated by org.testng.reporters.JUnitReportReporter -->
<testsuite skipped="0" hostname="LAPTOP-IIKUET1Q" name="com.selenium.basic.TestNG.DataProviderDemo" tests="6" failures="0" timestamp="2020-07-25T14:05:34 EDT" time="0.015" errors="0">
  <testcase name="login" time="0.005" classname="com.selenium.basic.TestNG.DataProviderDemo"/>
  <system-out/>
  <testcase name="login" time="0.002" classname="com.selenium.basic.TestNG.DataProviderDemo"/>
  <system-out/>
  <testcase name="login" time="0.002" classname="com.selenium.basic.TestNG.DataProviderDemo"/>
  <system-out/>
  <testcase name="login" time="0.001" classname="com.selenium.basic.TestNG.DataProviderDemo"/>
  <system-out/>
  <testcase name="login" time="0.001" classname="com.selenium.basic.TestNG.DataProviderDemo"/>
  <system-out/>
  <testcase name="login" time="0.004" classname="com.selenium.basic.TestNG.DataProviderDemo"/>
  <system-out/>
</testsuite> <!-- com.selenium.basic.TestNG.DataProviderDemo -->
