<?xml version="1.0" encoding="UTF-8"?>
<!-- Generated by org.testng.reporters.JUnitReportReporter -->
<testsuite skipped="0" hostname="LAPTOP-IIKUET1Q" name="com.selenium.basic.TestNG.AllAnnotationsDemo" tests="2" failures="0" timestamp="2020-07-25T13:57:39 EDT" time="0.002" errors="0">
  <testcase name="Test2" time="0.001" classname="com.selenium.basic.TestNG.AllAnnotationsDemo"/>
  <system-out/>
  <testcase name="Test1" time="0.001" classname="com.selenium.basic.TestNG.AllAnnotationsDemo"/>
  <system-out/>
</testsuite> <!-- com.selenium.basic.TestNG.AllAnnotationsDemo -->
