<?xml version="1.0" encoding="UTF-8"?>
<!-- Generated by org.testng.reporters.JUnitReportReporter -->
<testsuite skipped="0" hostname="LAPTOP-IIKUET1Q" name="com.selenium.basic.TestNG.DataProviderDemoPrintValues" tests="6" failures="0" timestamp="2020-07-25T13:57:39 EDT" time="0.005" errors="0">
  <testcase name="login" time="0.001" classname="com.selenium.basic.TestNG.DataProviderDemoPrintValues"/>
  <system-out/>
  <testcase name="login" time="0.001" classname="com.selenium.basic.TestNG.DataProviderDemoPrintValues"/>
  <system-out/>
  <testcase name="login" time="0.001" classname="com.selenium.basic.TestNG.DataProviderDemoPrintValues"/>
  <system-out/>
  <testcase name="login" time="0.001" classname="com.selenium.basic.TestNG.DataProviderDemoPrintValues"/>
  <system-out/>
  <testcase name="login" time="0.001" classname="com.selenium.basic.TestNG.DataProviderDemoPrintValues"/>
  <system-out/>
  <testcase name="login" time="0.000" classname="com.selenium.basic.TestNG.DataProviderDemoPrintValues"/>
  <system-out/>
</testsuite> <!-- com.selenium.basic.TestNG.DataProviderDemoPrintValues -->
