<?xml version="1.0" encoding="UTF-8"?>
<!-- Generated by org.testng.reporters.JUnitReportReporter -->
<testsuite skipped="0" hostname="LAPTOP-IIKUET1Q" name="com.selenium.basic.TestNG.OrderOfExecutionByPriority" tests="4" failures="0" timestamp="2020-07-25T13:57:39 EDT" time="0.004" errors="0">
  <testcase name="lauchTest" time="0.001" classname="com.selenium.basic.TestNG.OrderOfExecutionByPriority"/>
  <system-out/>
  <testcase name="loginTest" time="0.001" classname="com.selenium.basic.TestNG.OrderOfExecutionByPriority"/>
  <system-out/>
  <testcase name="createCustomerTest" time="0.001" classname="com.selenium.basic.TestNG.OrderOfExecutionByPriority"/>
  <system-out/>
  <testcase name="logoutTest" time="0.001" classname="com.selenium.basic.TestNG.OrderOfExecutionByPriority"/>
  <system-out/>
</testsuite> <!-- com.selenium.basic.TestNG.OrderOfExecutionByPriority -->
