<?xml version="1.0" encoding="UTF-8"?>
<!-- Generated by org.testng.reporters.JUnitReportReporter -->
<testsuite skipped="0" hostname="LAPTOP-IIKUET1Q" name="com.selenium.basic.TestNG.JavaScriptExecutorDemo" tests="1" failures="0" timestamp="2020-07-26T17:41:41 EDT" time="7.942" errors="0">
  <testcase name="javaScriptTest" time="7.942" classname="com.selenium.basic.TestNG.JavaScriptExecutorDemo"/>
  <system-out/>
</testsuite> <!-- com.selenium.basic.TestNG.JavaScriptExecutorDemo -->
