<?xml version="1.0" encoding="UTF-8"?>
<!-- Generated by org.testng.reporters.JUnitReportReporter -->
<testsuite skipped="0" hostname="LAPTOP-IIKUET1Q" name="com.Selenium.actitime.test.LoginTest" tests="1" failures="0" timestamp="2020-08-08T18:46:40 EDT" time="5.449" errors="0">
  <testcase name="validLoginTest" time="5.449" classname="com.Selenium.actitime.test.LoginTest"/>
  <system-out/>
</testsuite> <!-- com.Selenium.actitime.test.LoginTest -->
